[32m[0.005][core]-[Info]-[DjiCore_Init:95) Payload SDK Version : V3.3.0-beta.0-build.1665 [0m
[37m[0.007][utils]-[Debug]-[DjiCore_RootTask:131) work execution time: [0m
[37m[0.007][utils]-[Debug]-[DjiCore_RootTask:132) name	                execution time (ms)	  max execution time (ms) [0m
[37m[0.007][utils]-[Debug]-[DjiCore_RootTask:134) recorderWork                    	0       	0        [0m
[37m[0.007][utils]-[Debug]-[DjiCore_RootTask:134) flowControllerTask              	0       	0        [0m
[37m[0.014][linker]-[Debug]-[DjiLinker_Init:124) init linker success, protocol:2, channelId:0 [0m
[37m[0.015][linker]-[Debug]-[DjiProtocol_v1Pack:120) V1-Send: 0xCA->0x03 0x03FD [0m
[37m[0.035][linker]-[Debug]-[DjiProtocol_v1Pack:120) V1-Send: 0xCA->0x03 0x03FD [0m
[37m[0.055][linker]-[Debug]-[DjiProtocol_v1Pack:120) V1-Send: 0xCA->0x03 0x03FD [0m
[37m[0.075][linker]-[Debug]-[DjiProtocol_v1Pack:120) V1-Send: 0xCA->0x03 0x03FD [0m
[37m[0.095][linker]-[Debug]-[DjiProtocol_v1Pack:120) V1-Send: 0xCA->0x03 0x03FD [0m
[37m[0.101][linker]-[Debug]-[DjiProtocol_v1Unpack:205) V1-Recv: 0x65->0x04 0x3C10 [0m
[37m[0.102][linker]-[Debug]-[DjiProtocol_v1Unpack:205) V1-Recv: 0x65->0xE5 0x3C36 [0m
[37m[0.104][linker]-[Debug]-[DjiProtocol_v1Unpack:205) V1-Recv: 0x65->0xE5 0x3C43 [0m
[37m[0.106][linker]-[Debug]-[DjiProtocol_v1Unpack:205) V1-Recv: 0x65->0xE5 0x3C37 [0m
[37m[0.116][linker]-[Debug]-[DjiLinker_DeInit:164) deinit linker success, protocol:2, channelId:0 [0m
[37m[0.120][linker]-[Debug]-[DjiLinker_Init:124) init linker success, protocol:2, channelId:0 [0m
[37m[0.120][linker]-[Debug]-[DjiProtocol_v1Pack:120) V1-Send: 0xE5->0x65 0x03FD [0m
[37m[0.124][linker]-[Debug]-[DjiProtocol_v1Unpack:205) V1-Recv: 0x65->0xE5 0x03FD [0m
[37m[0.140][linker]-[Debug]-[DjiProtocol_v1Pack:120) V1-Send: 0xE5->0x65 0x03FD [0m
[37m[0.141][linker]-[Debug]-[DjiLinker_DeInit:164) deinit linker success, protocol:2, channelId:0 [0m
[32m[0.141][adapter]-[Info]-[DjiAccessAdapter_Init:171) Identify aircraft series is Matrice 300 Series [0m
[32m[0.141][adapter]-[Info]-[DjiAccessAdapter_Init:189) Identify mount position type is Payload Port Type [0m
[37m[0.142][linker]-[Debug]-[DjiCommand_Init:155) config list channel id:2 [0m
[37m[0.147][linker]-[Debug]-[DjiLinker_Init:124) init linker success, protocol:2, channelId:0 [0m
[37m[0.147][linker]-[Debug]-[DjiCommand_Init:164) add linker node count:1 [0m
[37m[0.147][linker]-[Debug]-[DjiCommand_RegRecvCmdHandler:599) Reg command handle list success, index:0 [0m
[32m[0.147][adapter]-[Info]-[DjiPayloadNegotiate_Start:200) Waiting payload negotiate finished. [0m
[37m[0.211][linker]-[Debug]-[DjiProtocol_v1Unpack:205) V1-Recv: 0x34->0x13 0x0000 [0m
[37m[0.212][linker]-[Debug]-[DjiCommand_RecvWork:958) Receive msg from linker, id:0x0000 len:16 [0m
[37m[0.212][linker]-[Debug]-[DjiProtocol_v1Pack:120) V1-Send: 0x13->0x34 0x0000 [0m
[37m[0.600][linker]-[Debug]-[DjiProtocol_v1Unpack:205) V1-Recv: 0x65->0xE5 0x3C36 [0m
[37m[0.601][linker]-[Debug]-[DjiCommand_RecvWork:958) Receive msg from linker, id:0x3C36 len:0 [0m
[37m[0.601][linker]-[Debug]-[DjiCommand_DealCmd:821) received unsupport request cmd that need ack, cmdset: 0x3C cmdid: 0x36 [0m
[37m[0.601][linker]-[Debug]-[DjiProtocol_v1Unpack:205) V1-Recv: 0x65->0xE5 0x3C43 [0m
[37m[0.602][linker]-[Debug]-[DjiCommand_RecvWork:958) Receive msg from linker, id:0x3C43 len:0 [0m
[37m[0.602][linker]-[Debug]-[DjiCommand_DealCmd:821) received unsupport request cmd that need ack, cmdset: 0x3C cmdid: 0x43 [0m
[37m[0.604][linker]-[Debug]-[DjiProtocol_v1Unpack:205) V1-Recv: 0x65->0xE5 0x3C37 [0m
[37m[0.605][linker]-[Debug]-[DjiCommand_RecvWork:958) Receive msg from linker, id:0x3C37 len:16 [0m
[37m[0.605][linker]-[Debug]-[DjiCommand_DealCmd:821) received unsupport request cmd that need ack, cmdset: 0x3C cmdid: 0x37 [0m
[37m[1.080][utils]-[Debug]-[DjiCore_RootTask:131) work execution time: [0m
[37m[1.080][utils]-[Debug]-[DjiCore_RootTask:132) name	                execution time (ms)	  max execution time (ms) [0m
[37m[1.080][utils]-[Debug]-[DjiCore_RootTask:134) recorderWork                    	0       	0        [0m
[37m[1.080][utils]-[Debug]-[DjiCore_RootTask:134) flowControllerTask              	0       	0        [0m
[37m[1.080][utils]-[Debug]-[DjiCore_RootTask:134) commandTask                     	1       	1        [0m
[37m[1.101][linker]-[Debug]-[DjiProtocol_v1Unpack:205) V1-Recv: 0x65->0x04 0x3C10 [0m
[37m[1.102][linker]-[Debug]-[DjiCommand_RecvWork:958) Receive msg from linker, id:0x3C10 len:64 [0m
[37m[1.102][linker]-[Debug]-[DjiProtocol_v1Unpack:205) V1-Recv: 0x65->0xE5 0x3C36 [0m
[37m[1.103][linker]-[Debug]-[DjiCommand_RecvWork:958) Receive msg from linker, id:0x3C36 len:0 [0m
[37m[1.103][linker]-[Debug]-[DjiCommand_DealCmd:821) received unsupport request cmd that need ack, cmdset: 0x3C cmdid: 0x36 [0m
[37m[1.103][linker]-[Debug]-[DjiProtocol_v1Unpack:205) V1-Recv: 0x65->0xE5 0x3C43 [0m
[37m[1.104][linker]-[Debug]-[DjiCommand_RecvWork:958) Receive msg from linker, id:0x3C43 len:0 [0m
[37m[1.104][linker]-[Debug]-[DjiCommand_DealCmd:821) received unsupport request cmd that need ack, cmdset: 0x3C cmdid: 0x43 [0m
[37m[1.107][linker]-[Debug]-[DjiProtocol_v1Unpack:205) V1-Recv: 0x65->0xE5 0x3C37 [0m
[37m[1.107][linker]-[Debug]-[DjiCommand_RecvWork:958) Receive msg from linker, id:0x3C37 len:16 [0m
[37m[1.107][linker]-[Debug]-[DjiCommand_DealCmd:821) received unsupport request cmd that need ack, cmdset: 0x3C cmdid: 0x37 [0m
[32m[1.147][adapter]-[Info]-[DjiPayloadNegotiate_Start:200) Waiting payload negotiate finished. [0m
[37m[1.600][linker]-[Debug]-[DjiProtocol_v1Unpack:205) V1-Recv: 0x65->0xE5 0x3C36 [0m
[37m[1.600][linker]-[Debug]-[DjiCommand_RecvWork:958) Receive msg from linker, id:0x3C36 len:0 [0m
[37m[1.600][linker]-[Debug]-[DjiCommand_DealCmd:821) received unsupport request cmd that need ack, cmdset: 0x3C cmdid: 0x36 [0m
[37m[1.601][linker]-[Debug]-[DjiProtocol_v1Unpack:205) V1-Recv: 0x65->0xE5 0x3C43 [0m
[37m[1.602][linker]-[Debug]-[DjiCommand_RecvWork:958) Receive msg from linker, id:0x3C43 len:0 [0m
[37m[1.602][linker]-[Debug]-[DjiCommand_DealCmd:821) received unsupport request cmd that need ack, cmdset: 0x3C cmdid: 0x43 [0m
[37m[1.604][linker]-[Debug]-[DjiProtocol_v1Unpack:205) V1-Recv: 0x65->0xE5 0x3C37 [0m
[37m[1.605][linker]-[Debug]-[DjiCommand_RecvWork:958) Receive msg from linker, id:0x3C37 len:16 [0m
[37m[1.605][linker]-[Debug]-[DjiCommand_DealCmd:821) received unsupport request cmd that need ack, cmdset: 0x3C cmdid: 0x37 [0m
[37m[2.101][linker]-[Debug]-[DjiProtocol_v1Unpack:205) V1-Recv: 0x65->0x04 0x3C10 [0m
[37m[2.102][linker]-[Debug]-[DjiCommand_RecvWork:958) Receive msg from linker, id:0x3C10 len:64 [0m
[37m[2.102][linker]-[Debug]-[DjiProtocol_v1Unpack:205) V1-Recv: 0x65->0xE5 0x3C36 [0m
[37m[2.103][linker]-[Debug]-[DjiCommand_RecvWork:958) Receive msg from linker, id:0x3C36 len:0 [0m
[37m[2.103][linker]-[Debug]-[DjiCommand_DealCmd:821) received unsupport request cmd that need ack, cmdset: 0x3C cmdid: 0x36 [0m
[37m[2.104][linker]-[Debug]-[DjiProtocol_v1Unpack:205) V1-Recv: 0x65->0xE5 0x3C43 [0m
[37m[2.104][linker]-[Debug]-[DjiCommand_RecvWork:958) Receive msg from linker, id:0x3C43 len:0 [0m
[37m[2.104][linker]-[Debug]-[DjiCommand_DealCmd:821) received unsupport request cmd that need ack, cmdset: 0x3C cmdid: 0x43 [0m
[37m[2.107][linker]-[Debug]-[DjiProtocol_v1Unpack:205) V1-Recv: 0x65->0xE5 0x3C37 [0m
[37m[2.108][linker]-[Debug]-[DjiCommand_RecvWork:958) Receive msg from linker, id:0x3C37 len:16 [0m
[37m[2.108][linker]-[Debug]-[DjiCommand_DealCmd:821) received unsupport request cmd that need ack, cmdset: 0x3C cmdid: 0x37 [0m
[32m[2.147][adapter]-[Info]-[DjiPayloadNegotiate_Start:200) Waiting payload negotiate finished. [0m
[37m[2.154][utils]-[Debug]-[DjiCore_RootTask:131) work execution time: [0m
[37m[2.154][utils]-[Debug]-[DjiCore_RootTask:132) name	                execution time (ms)	  max execution time (ms) [0m
[37m[2.154][utils]-[Debug]-[DjiCore_RootTask:134) recorderWork                    	0       	0        [0m
[37m[2.154][utils]-[Debug]-[DjiCore_RootTask:134) flowControllerTask              	0       	0        [0m
[37m[2.154][utils]-[Debug]-[DjiCore_RootTask:134) commandTask                     	1       	1        [0m
[37m[2.211][linker]-[Debug]-[DjiProtocol_v1Unpack:205) V1-Recv: 0x34->0x13 0x0000 [0m
[37m[2.211][linker]-[Debug]-[DjiCommand_RecvWork:958) Receive msg from linker, id:0x0000 len:16 [0m
[37m[2.211][linker]-[Debug]-[DjiProtocol_v1Pack:120) V1-Send: 0x13->0x34 0x0000 [0m
[37m[2.600][linker]-[Debug]-[DjiProtocol_v1Unpack:205) V1-Recv: 0x65->0xE5 0x3C36 [0m
[37m[2.601][linker]-[Debug]-[DjiCommand_RecvWork:958) Receive msg from linker, id:0x3C36 len:0 [0m
[37m[2.601][linker]-[Debug]-[DjiCommand_DealCmd:821) received unsupport request cmd that need ack, cmdset: 0x3C cmdid: 0x36 [0m
[37m[2.601][linker]-[Debug]-[DjiProtocol_v1Unpack:205) V1-Recv: 0x65->0xE5 0x3C43 [0m
[37m[2.602][linker]-[Debug]-[DjiCommand_RecvWork:958) Receive msg from linker, id:0x3C43 len:0 [0m
[37m[2.602][linker]-[Debug]-[DjiCommand_DealCmd:821) received unsupport request cmd that need ack, cmdset: 0x3C cmdid: 0x43 [0m
[37m[2.604][linker]-[Debug]-[DjiProtocol_v1Unpack:205) V1-Recv: 0x65->0xE5 0x3C37 [0m
[37m[2.605][linker]-[Debug]-[DjiCommand_RecvWork:958) Receive msg from linker, id:0x3C37 len:16 [0m
[37m[2.605][linker]-[Debug]-[DjiCommand_DealCmd:821) received unsupport request cmd that need ack, cmdset: 0x3C cmdid: 0x37 [0m
[37m[3.101][linker]-[Debug]-[DjiProtocol_v1Unpack:205) V1-Recv: 0x65->0x04 0x3C10 [0m
[37m[3.102][linker]-[Debug]-[DjiCommand_RecvWork:958) Receive msg from linker, id:0x3C10 len:64 [0m
[37m[3.102][linker]-[Debug]-[DjiProtocol_v1Unpack:205) V1-Recv: 0x65->0xE5 0x3C36 [0m
[37m[3.103][linker]-[Debug]-[DjiCommand_RecvWork:958) Receive msg from linker, id:0x3C36 len:0 [0m
[37m[3.103][linker]-[Debug]-[DjiCommand_DealCmd:821) received unsupport request cmd that need ack, cmdset: 0x3C cmdid: 0x36 [0m
[37m[3.103][linker]-[Debug]-[DjiProtocol_v1Unpack:205) V1-Recv: 0x65->0xE5 0x3C43 [0m
[37m[3.105][linker]-[Debug]-[DjiCommand_RecvWork:958) Receive msg from linker, id:0x3C43 len:0 [0m
[37m[3.105][linker]-[Debug]-[DjiCommand_DealCmd:821) received unsupport request cmd that need ack, cmdset: 0x3C cmdid: 0x43 [0m
[37m[3.107][linker]-[Debug]-[DjiProtocol_v1Unpack:205) V1-Recv: 0x65->0xE5 0x3C37 [0m
[37m[3.107][linker]-[Debug]-[DjiCommand_RecvWork:958) Receive msg from linker, id:0x3C37 len:16 [0m
[37m[3.107][linker]-[Debug]-[DjiCommand_DealCmd:821) received unsupport request cmd that need ack, cmdset: 0x3C cmdid: 0x37 [0m
[32m[3.147][adapter]-[Info]-[DjiPayloadNegotiate_Start:200) Waiting payload negotiate finished. [0m
[37m[3.219][utils]-[Debug]-[DjiCore_RootTask:131) work execution time: [0m
[37m[3.220][utils]-[Debug]-[DjiCore_RootTask:132) name	                execution time (ms)	  max execution time (ms) [0m
[37m[3.220][utils]-[Debug]-[DjiCore_RootTask:134) recorderWork                    	1       	1        [0m
[37m[3.220][utils]-[Debug]-[DjiCore_RootTask:134) flowControllerTask              	0       	0        [0m
[37m[3.220][utils]-[Debug]-[DjiCore_RootTask:134) commandTask                     	1       	1        [0m
[37m[3.600][linker]-[Debug]-[DjiProtocol_v1Unpack:205) V1-Recv: 0x65->0xE5 0x3C36 [0m
[37m[3.601][linker]-[Debug]-[DjiCommand_RecvWork:958) Receive msg from linker, id:0x3C36 len:0 [0m
[37m[3.601][linker]-[Debug]-[DjiCommand_DealCmd:821) received unsupport request cmd that need ack, cmdset: 0x3C cmdid: 0x36 [0m
[37m[3.602][linker]-[Debug]-[DjiProtocol_v1Unpack:205) V1-Recv: 0x65->0xE5 0x3C43 [0m
[37m[3.602][linker]-[Debug]-[DjiCommand_RecvWork:958) Receive msg from linker, id:0x3C43 len:0 [0m
[37m[3.602][linker]-[Debug]-[DjiCommand_DealCmd:821) received unsupport request cmd that need ack, cmdset: 0x3C cmdid: 0x43 [0m
[37m[3.604][linker]-[Debug]-[DjiProtocol_v1Unpack:205) V1-Recv: 0x65->0xE5 0x3C37 [0m
[37m[3.605][linker]-[Debug]-[DjiCommand_RecvWork:958) Receive msg from linker, id:0x3C37 len:16 [0m
[37m[3.605][linker]-[Debug]-[DjiCommand_DealCmd:821) received unsupport request cmd that need ack, cmdset: 0x3C cmdid: 0x37 [0m
[37m[4.101][linker]-[Debug]-[DjiProtocol_v1Unpack:205) V1-Recv: 0x65->0x04 0x3C10 [0m
[37m[4.101][linker]-[Debug]-[DjiCommand_RecvWork:958) Receive msg from linker, id:0x3C10 len:64 [0m
[37m[4.102][linker]-[Debug]-[DjiProtocol_v1Unpack:205) V1-Recv: 0x65->0xE5 0x3C36 [0m
[37m[4.102][linker]-[Debug]-[DjiCommand_RecvWork:958) Receive msg from linker, id:0x3C36 len:0 [0m
[37m[4.102][linker]-[Debug]-[DjiCommand_DealCmd:821) received unsupport request cmd that need ack, cmdset: 0x3C cmdid: 0x36 [0m
[37m[4.103][linker]-[Debug]-[DjiProtocol_v1Unpack:205) V1-Recv: 0x65->0xE5 0x3C43 [0m
[37m[4.104][linker]-[Debug]-[DjiCommand_RecvWork:958) Receive msg from linker, id:0x3C43 len:0 [0m
[37m[4.104][linker]-[Debug]-[DjiCommand_DealCmd:821) received unsupport request cmd that need ack, cmdset: 0x3C cmdid: 0x43 [0m
[37m[4.106][linker]-[Debug]-[DjiProtocol_v1Unpack:205) V1-Recv: 0x65->0xE5 0x3C37 [0m
[37m[4.108][linker]-[Debug]-[DjiCommand_RecvWork:958) Receive msg from linker, id:0x3C37 len:16 [0m
[37m[4.108][linker]-[Debug]-[DjiCommand_DealCmd:821) received unsupport request cmd that need ack, cmdset: 0x3C cmdid: 0x37 [0m
[32m[4.147][adapter]-[Info]-[DjiPayloadNegotiate_Start:200) Waiting payload negotiate finished. [0m
[37m[4.211][linker]-[Debug]-[DjiProtocol_v1Unpack:205) V1-Recv: 0x34->0x13 0x0000 [0m
[37m[4.212][linker]-[Debug]-[DjiCommand_RecvWork:958) Receive msg from linker, id:0x0000 len:16 [0m
[37m[4.212][linker]-[Debug]-[DjiProtocol_v1Pack:120) V1-Send: 0x13->0x34 0x0000 [0m
[37m[4.290][utils]-[Debug]-[DjiCore_RootTask:131) work execution time: [0m
[37m[4.290][utils]-[Debug]-[DjiCore_RootTask:132) name	                execution time (ms)	  max execution time (ms) [0m
[37m[4.290][utils]-[Debug]-[DjiCore_RootTask:134) recorderWork                    	0       	1        [0m
[37m[4.290][utils]-[Debug]-[DjiCore_RootTask:134) flowControllerTask              	0       	0        [0m
[37m[4.290][utils]-[Debug]-[DjiCore_RootTask:134) commandTask                     	1       	1        [0m
[37m[4.600][linker]-[Debug]-[DjiProtocol_v1Unpack:205) V1-Recv: 0x65->0xE5 0x3C36 [0m
[37m[4.600][linker]-[Debug]-[DjiCommand_RecvWork:958) Receive msg from linker, id:0x3C36 len:0 [0m
[37m[4.600][linker]-[Debug]-[DjiCommand_DealCmd:821) received unsupport request cmd that need ack, cmdset: 0x3C cmdid: 0x36 [0m
[37m[4.602][linker]-[Debug]-[DjiProtocol_v1Unpack:205) V1-Recv: 0x65->0xE5 0x3C43 [0m
[37m[4.602][linker]-[Debug]-[DjiCommand_RecvWork:958) Receive msg from linker, id:0x3C43 len:0 [0m
[37m[4.602][linker]-[Debug]-[DjiCommand_DealCmd:821) received unsupport request cmd that need ack, cmdset: 0x3C cmdid: 0x43 [0m
[37m[4.604][linker]-[Debug]-[DjiProtocol_v1Unpack:205) V1-Recv: 0x65->0xE5 0x3C37 [0m
[37m[4.604][linker]-[Debug]-[DjiCommand_RecvWork:958) Receive msg from linker, id:0x3C37 len:16 [0m
[37m[4.604][linker]-[Debug]-[DjiCommand_DealCmd:821) received unsupport request cmd that need ack, cmdset: 0x3C cmdid: 0x37 [0m
[37m[5.101][linker]-[Debug]-[DjiProtocol_v1Unpack:205) V1-Recv: 0x65->0x04 0x3C10 [0m
[37m[5.101][linker]-[Debug]-[DjiCommand_RecvWork:958) Receive msg from linker, id:0x3C10 len:64 [0m
[37m[5.102][linker]-[Debug]-[DjiProtocol_v1Unpack:205) V1-Recv: 0x65->0xE5 0x3C36 [0m
[37m[5.103][linker]-[Debug]-[DjiCommand_RecvWork:958) Receive msg from linker, id:0x3C36 len:0 [0m
[37m[5.103][linker]-[Debug]-[DjiCommand_DealCmd:821) received unsupport request cmd that need ack, cmdset: 0x3C cmdid: 0x36 [0m
[37m[5.103][linker]-[Debug]-[DjiProtocol_v1Unpack:205) V1-Recv: 0x65->0xE5 0x3C43 [0m
[37m[5.104][linker]-[Debug]-[DjiCommand_RecvWork:958) Receive msg from linker, id:0x3C43 len:0 [0m
[37m[5.104][linker]-[Debug]-[DjiCommand_DealCmd:821) received unsupport request cmd that need ack, cmdset: 0x3C cmdid: 0x43 [0m
[37m[5.106][linker]-[Debug]-[DjiProtocol_v1Unpack:205) V1-Recv: 0x65->0xE5 0x3C37 [0m
[37m[5.107][linker]-[Debug]-[DjiCommand_RecvWork:958) Receive msg from linker, id:0x3C37 len:16 [0m
[37m[5.107][linker]-[Debug]-[DjiCommand_DealCmd:821) received unsupport request cmd that need ack, cmdset: 0x3C cmdid: 0x37 [0m
[37m[5.147][linker]-[Debug]-[DjiProtocol_v1Pack:120) V1-Send: 0x13->0x34 0x0087 [0m
[37m[5.147][linker]-[Debug]-[DjiCommand_SendAsync:422) Max wait ack item count is 32. [0m
[37m[5.210][linker]-[Debug]-[DjiProtocol_v1Unpack:205) V1-Recv: 0x34->0x13 0x0087 [0m
[37m[5.210][linker]-[Debug]-[DjiCommand_RecvWork:958) Receive msg from linker, id:0x0087 len:4 [0m
[37m[5.210][linker]-[Debug]-[DjiCommand_SendSyncCallback:911) PsdkCommand_SendSyncCallback success [0m
[37m[5.210][linker]-[Debug]-[DjiCommand_SendSync:478) sendSync callback success [0m
[37m[5.210][adapter]-[Debug]-[DjiPayloadNegotiate_Start:217) Waiting payload negotiate remove finished. [0m
[37m[5.210][linker]-[Debug]-[DjiCommand_DealCmd:735) callback function (cmdset: 0x00 cmdid: 0x87) deal time: 0 ms [0m
[37m[5.334][linker]-[Debug]-[DjiProtocol_v1Unpack:205) V1-Recv: 0x34->0x13 0x0087 [0m
[37m[5.335][linker]-[Debug]-[DjiCommand_RecvWork:958) Receive msg from linker, id:0x0087 len:4 [0m
[37m[5.335][adapter]-[Debug]-[DjiPayloadNegotiate_VersionHandle:366) Payload negotiate use dynamic ip config [0m
[37m[5.335][linker]-[Debug]-[DjiProtocol_v1Pack:120) V1-Send: 0x13->0x34 0x0087 [0m
[37m[5.360][utils]-[Debug]-[DjiCore_RootTask:131) work execution time: [0m
[37m[5.360][utils]-[Debug]-[DjiCore_RootTask:132) name	                execution time (ms)	  max execution time (ms) [0m
[37m[5.361][utils]-[Debug]-[DjiCore_RootTask:134) recorderWork                    	0       	1        [0m
[37m[5.361][utils]-[Debug]-[DjiCore_RootTask:134) flowControllerTask              	0       	0        [0m
[37m[5.361][utils]-[Debug]-[DjiCore_RootTask:134) commandTask                     	1       	1        [0m
[37m[5.363][linker]-[Debug]-[DjiProtocol_v1Unpack:205) V1-Recv: 0x34->0x13 0x0087 [0m
[37m[5.364][linker]-[Debug]-[DjiCommand_RecvWork:958) Receive msg from linker, id:0x0087 len:96 [0m
[37m[5.364][adapter]-[Debug]-[DjiDeviceInfoParse_ParseCommand:389) command:3 [0m
[37m[5.364][adapter]-[Debug]-[DjiDeviceInfoParse_ParseAllInfo:65) command: 3 aciton: 0 [0m
[37m[5.364][adapter]-[Debug]-[DjiDeviceInfoParse_ParseAllInfo:75) info:DEV len:28 [0m
[37m[5.364][adapter]-[Debug]-[DjiDeviceInfoParse_ParseChannelInfo:276) parse 32 byte chnl_info [0m
[37m[5.364][adapter]-[Debug]-[DjiDeviceInfoParse_ParseAllInfo:85) info:CHN len:30 [0m
[37m[5.364][adapter]-[Debug]-[DjiDeviceInfoParse_ParseAllInfo:95) info:HST len:21 [0m
[37m[5.364][adapter]-[Debug]-[DjiDeviceInfoParse_ParseAllInfo:104) info:DAT len:5 [0m
[37m[5.364][adapter]-[Debug]-[DjiPayloadNegotiate_DeviceInfoHandle:683) generate device info:24 95 17 89, total size 253 [0m
[37m[5.364][linker]-[Debug]-[DjiProtocol_v1Pack:120) V1-Send: 0x13->0x34 0x0087 [0m
[37m[5.535][linker]-[Debug]-[DjiProtocol_v1Unpack:205) V1-Recv: 0x34->0x13 0x0087 [0m
[37m[5.535][linker]-[Debug]-[DjiCommand_RecvWork:958) Receive msg from linker, id:0x0087 len:6 [0m
[37m[5.535][linker]-[Debug]-[DjiProtocol_v1Pack:120) V1-Send: 0x13->0x34 0x0087 [0m
[37m[5.625][linker]-[Debug]-[DjiProtocol_v1Unpack:205) V1-Recv: 0x34->0x13 0x0087 [0m
[37m[5.626][linker]-[Debug]-[DjiCommand_RecvWork:958) Receive msg from linker, id:0x0087 len:253 [0m
[37m[5.626][adapter]-[Debug]-[DjiPayloadNegotiate_NotifyHandle:750) notify device cap info length:253 [0m
[37m[5.626][linker]-[Debug]-[DjiProtocol_v1Unpack:205) V1-Recv: 0x65->0xE5 0x3C36 [0m
[37m[5.626][adapter]-[Debug]-[DjiDeviceInfoParse_ParseCommand:389) command:5 [0m
[37m[5.626][adapter]-[Debug]-[DjiDeviceInfoParse_ParseAllInfo:65) command: 5 aciton: 17 [0m
[37m[5.626][adapter]-[Debug]-[DjiDeviceInfoParse_ParseAllInfo:75) info:DEV len:24 [0m
[37m[5.626][adapter]-[Debug]-[DjiDeviceInfoParse_ParseChannelInfo:276) parse 101 byte chnl_info [0m
[37m[5.626][adapter]-[Debug]-[DjiDeviceInfoParse_ParseAllInfo:85) info:CHN len:95 [0m
[37m[5.626][adapter]-[Debug]-[DjiDeviceInfoParse_ParseAllInfo:95) info:HST len:17 [0m
[37m[5.626][adapter]-[Debug]-[DjiDeviceInfoParse_ParseDataInfo:372) parse 95 byte data_info [0m
[37m[5.626][adapter]-[Debug]-[DjiDeviceInfoParse_ParseAllInfo:104) info:DAT len:89 [0m
[37m[5.626][adapter]-[Debug]-[DjiPayloadNegotiate_NotifyHandle:759) uav ip addr:192.168.111.1 [0m
[37m[5.626][linker]-[Debug]-[DjiProtocol_v1Pack:120) V1-Send: 0x13->0x34 0x0087 [0m
[37m[5.628][linker]-[Debug]-[DjiProtocol_v1Unpack:205) V1-Recv: 0x65->0xE5 0x3C43 [0m
[37m[5.628][linker]-[Debug]-[DjiCommand_RecvWork:958) Receive msg from linker, id:0x3C36 len:0 [0m
[37m[5.628][linker]-[Debug]-[DjiCommand_DealCmd:821) received unsupport request cmd that need ack, cmdset: 0x3C cmdid: 0x36 [0m
[37m[5.629][linker]-[Debug]-[DjiProtocol_v1Unpack:205) V1-Recv: 0x65->0xE5 0x3C37 [0m
[37m[5.629][linker]-[Debug]-[DjiCommand_RecvWork:958) Receive msg from linker, id:0x3C43 len:0 [0m
[37m[5.629][linker]-[Debug]-[DjiCommand_DealCmd:821) received unsupport request cmd that need ack, cmdset: 0x3C cmdid: 0x43 [0m
[37m[5.631][linker]-[Debug]-[DjiCommand_RecvWork:958) Receive msg from linker, id:0x3C37 len:16 [0m
[37m[5.631][linker]-[Debug]-[DjiCommand_DealCmd:821) received unsupport request cmd that need ack, cmdset: 0x3C cmdid: 0x37 [0m
[37m[6.102][linker]-[Debug]-[DjiProtocol_v1Unpack:205) V1-Recv: 0x65->0x04 0x3C10 [0m
[37m[6.102][linker]-[Debug]-[DjiCommand_RecvWork:958) Receive msg from linker, id:0x3C10 len:64 [0m
[37m[6.103][linker]-[Debug]-[DjiProtocol_v1Unpack:205) V1-Recv: 0x65->0xE5 0x3C36 [0m
[37m[6.103][linker]-[Debug]-[DjiCommand_RecvWork:958) Receive msg from linker, id:0x3C36 len:0 [0m
[37m[6.103][linker]-[Debug]-[DjiCommand_DealCmd:821) received unsupport request cmd that need ack, cmdset: 0x3C cmdid: 0x36 [0m
[37m[6.104][linker]-[Debug]-[DjiProtocol_v1Unpack:205) V1-Recv: 0x65->0xE5 0x3C43 [0m
[37m[6.104][linker]-[Debug]-[DjiCommand_RecvWork:958) Receive msg from linker, id:0x3C43 len:0 [0m
[37m[6.104][linker]-[Debug]-[DjiCommand_DealCmd:821) received unsupport request cmd that need ack, cmdset: 0x3C cmdid: 0x43 [0m
[37m[6.106][linker]-[Debug]-[DjiProtocol_v1Unpack:205) V1-Recv: 0x65->0xE5 0x3C37 [0m
[37m[6.106][linker]-[Debug]-[DjiCommand_RecvWork:958) Receive msg from linker, id:0x3C37 len:16 [0m
[37m[6.106][linker]-[Debug]-[DjiCommand_DealCmd:821) received unsupport request cmd that need ack, cmdset: 0x3C cmdid: 0x37 [0m
[37m[6.210][adapter]-[Debug]-[DjiPayloadNegotiate_Start:226) Payload negotiate has finished. [0m
[37m[6.220][linker]-[Debug]-[DjiLinker_DeInit:164) deinit linker success, protocol:2, channelId:0 [0m
[37m[6.220][linker]-[Debug]-[DjiCommand_Init:155) config list channel id:2 [0m
[37m[6.224][linker]-[Debug]-[DjiLinker_Init:124) init linker success, protocol:2, channelId:0 [0m
[37m[6.224][linker]-[Debug]-[DjiCommand_Init:164) add linker node count:1 [0m
[37m[6.224][linker]-[Debug]-[DjiCommand_Init:155) config list channel id:2 [0m
[37m[6.224][linker]-[Debug]-[DjiLinker_Init:124) init linker success, protocol:2, channelId:2 [0m
[37m[6.224][linker]-[Debug]-[DjiCommand_Init:164) add linker node count:2 [0m
[37m[6.224][linker]-[Debug]-[DjiCommand_RegRecvCmdHandler:599) Reg command handle list success, index:0 [0m
[32m[6.224][adapter]-[Info]-[DjiPayloadNegotiate_Start:200) Waiting payload negotiate finished. [0m
[37m[6.433][utils]-[Debug]-[DjiCore_RootTask:131) work execution time: [0m
[37m[6.433][utils]-[Debug]-[DjiCore_RootTask:132) name	                execution time (ms)	  max execution time (ms) [0m
[37m[6.433][utils]-[Debug]-[DjiCore_RootTask:134) recorderWork                    	1       	1        [0m
[37m[6.433][utils]-[Debug]-[DjiCore_RootTask:134) flowControllerTask              	0       	0        [0m
[37m[6.433][utils]-[Debug]-[DjiCore_RootTask:134) commandTask                     	1       	1        [0m
[37m[6.592][linker]-[Debug]-[DjiProtocol_v1Unpack:205) V1-Recv: 0x34->0x13 0x0000 [0m
[37m[6.593][linker]-[Debug]-[DjiCommand_RecvWork:958) Receive msg from linker, id:0x0000 len:16 [0m
[37m[6.593][linker]-[Debug]-[DjiProtocol_v1Pack:120) V1-Send: 0x13->0x34 0x0000 [0m
[37m[6.600][linker]-[Debug]-[DjiProtocol_v1Unpack:205) V1-Recv: 0x65->0xE5 0x3C36 [0m
[37m[6.601][linker]-[Debug]-[DjiCommand_RecvWork:958) Receive msg from linker, id:0x3C36 len:0 [0m
[37m[6.601][linker]-[Debug]-[DjiCommand_DealCmd:821) received unsupport request cmd that need ack, cmdset: 0x3C cmdid: 0x36 [0m
[37m[6.601][linker]-[Debug]-[DjiProtocol_v1Unpack:205) V1-Recv: 0x65->0xE5 0x3C43 [0m
[37m[6.602][linker]-[Debug]-[DjiCommand_RecvWork:958) Receive msg from linker, id:0x3C43 len:0 [0m
[37m[6.603][linker]-[Debug]-[DjiCommand_DealCmd:821) received unsupport request cmd that need ack, cmdset: 0x3C cmdid: 0x43 [0m
[37m[6.604][linker]-[Debug]-[DjiProtocol_v1Unpack:205) V1-Recv: 0x65->0xE5 0x3C37 [0m
[37m[6.605][linker]-[Debug]-[DjiCommand_RecvWork:958) Receive msg from linker, id:0x3C37 len:16 [0m
[37m[6.605][linker]-[Debug]-[DjiCommand_DealCmd:821) received unsupport request cmd that need ack, cmdset: 0x3C cmdid: 0x37 [0m
[37m[7.101][linker]-[Debug]-[DjiProtocol_v1Unpack:205) V1-Recv: 0x65->0x04 0x3C10 [0m
[37m[7.102][linker]-[Debug]-[DjiCommand_RecvWork:958) Receive msg from linker, id:0x3C10 len:64 [0m
[37m[7.102][linker]-[Debug]-[DjiProtocol_v1Unpack:205) V1-Recv: 0x65->0xE5 0x3C36 [0m
[37m[7.103][linker]-[Debug]-[DjiCommand_RecvWork:958) Receive msg from linker, id:0x3C36 len:0 [0m
[37m[7.103][linker]-[Debug]-[DjiCommand_DealCmd:821) received unsupport request cmd that need ack, cmdset: 0x3C cmdid: 0x36 [0m
[37m[7.103][linker]-[Debug]-[DjiProtocol_v1Unpack:205) V1-Recv: 0x65->0xE5 0x3C43 [0m
[37m[7.105][linker]-[Debug]-[DjiCommand_RecvWork:958) Receive msg from linker, id:0x3C43 len:0 [0m
[37m[7.105][linker]-[Debug]-[DjiCommand_DealCmd:821) received unsupport request cmd that need ack, cmdset: 0x3C cmdid: 0x43 [0m
[37m[7.107][linker]-[Debug]-[DjiProtocol_v1Unpack:205) V1-Recv: 0x65->0xE5 0x3C37 [0m
[37m[7.108][linker]-[Debug]-[DjiCommand_RecvWork:958) Receive msg from linker, id:0x3C37 len:16 [0m
[37m[7.108][linker]-[Debug]-[DjiCommand_DealCmd:821) received unsupport request cmd that need ack, cmdset: 0x3C cmdid: 0x37 [0m
[32m[7.224][adapter]-[Info]-[DjiPayloadNegotiate_Start:200) Waiting payload negotiate finished. [0m
[37m[7.503][utils]-[Debug]-[DjiCore_RootTask:131) work execution time: [0m
[37m[7.503][utils]-[Debug]-[DjiCore_RootTask:132) name	                execution time (ms)	  max execution time (ms) [0m
[37m[7.503][utils]-[Debug]-[DjiCore_RootTask:134) recorderWork                    	0       	1        [0m
[37m[7.503][utils]-[Debug]-[DjiCore_RootTask:134) flowControllerTask              	0       	0        [0m
[37m[7.503][utils]-[Debug]-[DjiCore_RootTask:134) commandTask                     	1       	1        [0m
[37m[7.601][linker]-[Debug]-[DjiProtocol_v1Unpack:205) V1-Recv: 0x65->0xE5 0x3C36 [0m
[37m[7.602][linker]-[Debug]-[DjiCommand_RecvWork:958) Receive msg from linker, id:0x3C36 len:0 [0m
[37m[7.602][linker]-[Debug]-[DjiCommand_DealCmd:821) received unsupport request cmd that need ack, cmdset: 0x3C cmdid: 0x36 [0m
[37m[7.602][linker]-[Debug]-[DjiProtocol_v1Unpack:205) V1-Recv: 0x65->0xE5 0x3C43 [0m
[37m[7.603][linker]-[Debug]-[DjiCommand_RecvWork:958) Receive msg from linker, id:0x3C43 len:0 [0m
[37m[7.603][linker]-[Debug]-[DjiCommand_DealCmd:821) received unsupport request cmd that need ack, cmdset: 0x3C cmdid: 0x43 [0m
[37m[7.604][linker]-[Debug]-[DjiProtocol_v1Unpack:205) V1-Recv: 0x65->0xE5 0x3C37 [0m
[37m[7.605][linker]-[Debug]-[DjiCommand_RecvWork:958) Receive msg from linker, id:0x3C37 len:16 [0m
[37m[7.605][linker]-[Debug]-[DjiCommand_DealCmd:821) received unsupport request cmd that need ack, cmdset: 0x3C cmdid: 0x37 [0m
[37m[8.101][linker]-[Debug]-[DjiProtocol_v1Unpack:205) V1-Recv: 0x65->0x04 0x3C10 [0m
[37m[8.102][linker]-[Debug]-[DjiCommand_RecvWork:958) Receive msg from linker, id:0x3C10 len:64 [0m
[37m[8.103][linker]-[Debug]-[DjiProtocol_v1Unpack:205) V1-Recv: 0x65->0xE5 0x3C36 [0m
[37m[8.104][linker]-[Debug]-[DjiCommand_RecvWork:958) Receive msg from linker, id:0x3C36 len:0 [0m
[37m[8.104][linker]-[Debug]-[DjiCommand_DealCmd:821) received unsupport request cmd that need ack, cmdset: 0x3C cmdid: 0x36 [0m
[37m[8.104][linker]-[Debug]-[DjiProtocol_v1Unpack:205) V1-Recv: 0x65->0xE5 0x3C43 [0m
[37m[8.105][linker]-[Debug]-[DjiCommand_RecvWork:958) Receive msg from linker, id:0x3C43 len:0 [0m
[37m[8.105][linker]-[Debug]-[DjiCommand_DealCmd:821) received unsupport request cmd that need ack, cmdset: 0x3C cmdid: 0x43 [0m
[37m[8.106][linker]-[Debug]-[DjiProtocol_v1Unpack:205) V1-Recv: 0x65->0xE5 0x3C37 [0m
[37m[8.107][linker]-[Debug]-[DjiCommand_RecvWork:958) Receive msg from linker, id:0x3C37 len:16 [0m
[37m[8.107][linker]-[Debug]-[DjiCommand_DealCmd:821) received unsupport request cmd that need ack, cmdset: 0x3C cmdid: 0x37 [0m
[32m[8.225][adapter]-[Info]-[DjiPayloadNegotiate_Start:200) Waiting payload negotiate finished. [0m
[37m[8.578][utils]-[Debug]-[DjiCore_RootTask:131) work execution time: [0m
[37m[8.578][utils]-[Debug]-[DjiCore_RootTask:132) name	                execution time (ms)	  max execution time (ms) [0m
[37m[8.578][utils]-[Debug]-[DjiCore_RootTask:134) recorderWork                    	0       	1        [0m
[37m[8.578][utils]-[Debug]-[DjiCore_RootTask:134) flowControllerTask              	0       	0        [0m
[37m[8.578][utils]-[Debug]-[DjiCore_RootTask:134) commandTask                     	1       	1        [0m
[37m[8.591][linker]-[Debug]-[DjiProtocol_v1Unpack:205) V1-Recv: 0x34->0x13 0x0000 [0m
[37m[8.591][linker]-[Debug]-[DjiCommand_RecvWork:958) Receive msg from linker, id:0x0000 len:16 [0m
[37m[8.591][linker]-[Debug]-[DjiProtocol_v1Pack:120) V1-Send: 0x13->0x34 0x0000 [0m
[37m[8.600][linker]-[Debug]-[DjiProtocol_v1Unpack:205) V1-Recv: 0x65->0xE5 0x3C36 [0m
[37m[8.600][linker]-[Debug]-[DjiCommand_RecvWork:958) Receive msg from linker, id:0x3C36 len:0 [0m
[37m[8.600][linker]-[Debug]-[DjiCommand_DealCmd:821) received unsupport request cmd that need ack, cmdset: 0x3C cmdid: 0x36 [0m
[37m[8.602][linker]-[Debug]-[DjiProtocol_v1Unpack:205) V1-Recv: 0x65->0xE5 0x3C43 [0m
[37m[8.602][linker]-[Debug]-[DjiCommand_RecvWork:958) Receive msg from linker, id:0x3C43 len:0 [0m
[37m[8.602][linker]-[Debug]-[DjiCommand_DealCmd:821) received unsupport request cmd that need ack, cmdset: 0x3C cmdid: 0x43 [0m
[37m[8.604][linker]-[Debug]-[DjiProtocol_v1Unpack:205) V1-Recv: 0x65->0xE5 0x3C37 [0m
[37m[8.604][linker]-[Debug]-[DjiCommand_RecvWork:958) Receive msg from linker, id:0x3C37 len:16 [0m
[37m[8.604][linker]-[Debug]-[DjiCommand_DealCmd:821) received unsupport request cmd that need ack, cmdset: 0x3C cmdid: 0x37 [0m
[37m[9.101][linker]-[Debug]-[DjiProtocol_v1Unpack:205) V1-Recv: 0x65->0x04 0x3C10 [0m
[37m[9.101][linker]-[Debug]-[DjiCommand_RecvWork:958) Receive msg from linker, id:0x3C10 len:64 [0m
[37m[9.102][linker]-[Debug]-[DjiProtocol_v1Unpack:205) V1-Recv: 0x65->0xE5 0x3C36 [0m
[37m[9.102][linker]-[Debug]-[DjiCommand_RecvWork:958) Receive msg from linker, id:0x3C36 len:0 [0m
[37m[9.102][linker]-[Debug]-[DjiCommand_DealCmd:821) received unsupport request cmd that need ack, cmdset: 0x3C cmdid: 0x36 [0m
[37m[9.104][linker]-[Debug]-[DjiProtocol_v1Unpack:205) V1-Recv: 0x65->0xE5 0x3C43 [0m
[37m[9.105][linker]-[Debug]-[DjiCommand_RecvWork:958) Receive msg from linker, id:0x3C43 len:0 [0m
[37m[9.105][linker]-[Debug]-[DjiCommand_DealCmd:821) received unsupport request cmd that need ack, cmdset: 0x3C cmdid: 0x43 [0m
[37m[9.106][linker]-[Debug]-[DjiProtocol_v1Unpack:205) V1-Recv: 0x65->0xE5 0x3C37 [0m
[37m[9.107][linker]-[Debug]-[DjiCommand_RecvWork:958) Receive msg from linker, id:0x3C37 len:16 [0m
[37m[9.107][linker]-[Debug]-[DjiCommand_DealCmd:821) received unsupport request cmd that need ack, cmdset: 0x3C cmdid: 0x37 [0m
[32m[9.225][adapter]-[Info]-[DjiPayloadNegotiate_Start:200) Waiting payload negotiate finished. [0m
[37m[9.600][linker]-[Debug]-[DjiProtocol_v1Unpack:205) V1-Recv: 0x65->0xE5 0x3C36 [0m
[37m[9.601][linker]-[Debug]-[DjiCommand_RecvWork:958) Receive msg from linker, id:0x3C36 len:0 [0m
[37m[9.601][linker]-[Debug]-[DjiCommand_DealCmd:821) received unsupport request cmd that need ack, cmdset: 0x3C cmdid: 0x36 [0m
[37m[9.601][linker]-[Debug]-[DjiProtocol_v1Unpack:205) V1-Recv: 0x65->0xE5 0x3C43 [0m
[37m[9.602][linker]-[Debug]-[DjiCommand_RecvWork:958) Receive msg from linker, id:0x3C43 len:0 [0m
[37m[9.602][linker]-[Debug]-[DjiCommand_DealCmd:821) received unsupport request cmd that need ack, cmdset: 0x3C cmdid: 0x43 [0m
[37m[9.605][linker]-[Debug]-[DjiProtocol_v1Unpack:205) V1-Recv: 0x65->0xE5 0x3C37 [0m
[37m[9.605][linker]-[Debug]-[DjiCommand_RecvWork:958) Receive msg from linker, id:0x3C37 len:16 [0m
[37m[9.605][linker]-[Debug]-[DjiCommand_DealCmd:821) received unsupport request cmd that need ack, cmdset: 0x3C cmdid: 0x37 [0m
[37m[9.653][utils]-[Debug]-[DjiCore_RootTask:131) work execution time: [0m
[37m[9.653][utils]-[Debug]-[DjiCore_RootTask:132) name	                execution time (ms)	  max execution time (ms) [0m
[37m[9.653][utils]-[Debug]-[DjiCore_RootTask:134) recorderWork                    	1       	1        [0m
[37m[9.653][utils]-[Debug]-[DjiCore_RootTask:134) flowControllerTask              	0       	0        [0m
[37m[9.653][utils]-[Debug]-[DjiCore_RootTask:134) commandTask                     	1       	1        [0m
[32m[10.225][adapter]-[Info]-[DjiPayloadNegotiate_Start:200) Waiting payload negotiate finished. [0m
[37m[10.727][utils]-[Debug]-[DjiCore_RootTask:131) work execution time: [0m
[37m[10.727][utils]-[Debug]-[DjiCore_RootTask:132) name	                execution time (ms)	  max execution time (ms) [0m
[37m[10.727][utils]-[Debug]-[DjiCore_RootTask:134) recorderWork                    	1       	1        [0m
[37m[10.727][utils]-[Debug]-[DjiCore_RootTask:134) flowControllerTask              	1       	1        [0m
[37m[10.727][utils]-[Debug]-[DjiCore_RootTask:134) commandTask                     	1       	1        [0m
[37m[11.225][linker]-[Debug]-[DjiProtocol_v1Pack:120) V1-Send: 0x13->0x34 0x0087 [0m
[31m[11.225][linker]-[Error]-[DjiChannel_uartWrite:102) uart write data error [0m
[31m[11.225][linker]-[Error]-[DjiLinker_SendMsg:191) write data error [0m
[31m[11.225][linker]-[Error]-[DjiCommand_SendAsync:371) command send error [0m
[31m[11.225][linker]-[Error]-[DjiCommand_SendSync:463) sendAsync send cmd error [0m
[31m[11.225][adapter]-[Error]-[DjiPayloadNegotiate_RemoveDeviceSync:895) remove device sync send error:0x000000FF. [0m
[31m[11.225][adapter]-[Error]-[DjiPayloadNegotiate_Start:212) Payload negetiate remove device sync error:0x000000FF [0m
[31m[11.225][adapter]-[Error]-[DjiAccessAdapter_Init:407) Payload negotiate error, returnCode = 255 [0m
[31m[11.225][core]-[Error]-[DjiCore_Init:115) Access adapter init error, stat:255 [0m
[31m[11.225][user]-[Error]-[main:118) Core init error [0m
